2024-10-23 12:59:51,608 - qDNA.tools.save_load - INFO - Data loaded from c:\Users\Dennis Herb\OneDrive\2_Uni\Doktor\python_projects\QuantumDNA-notebooks\data\data_paper\dipole_7bp_J0.json
2024-10-23 12:59:51,619 - qDNA.tools.save_load - INFO - Data loaded from c:\Users\Dennis Herb\OneDrive\2_Uni\Doktor\python_projects\QuantumDNA-notebooks\data\data_paper\lifetime_7bp_J0.json
2024-10-23 16:06:00,100 - qDNA.tools.save_load - WARNING - File C:\Users\Dennis Herb\OneDrive\2_Uni\Doktor\python_projects\QuantumDNA\qDNA\data\raw\tb_models_props.json does not exist.
2024-10-23 16:06:16,132 - qDNA.tools.save_load - WARNING - File C:\Users\Dennis Herb\OneDrive\2_Uni\Doktor\python_projects\QuantumDNA\qDNA\data\raw\tb_models_props.json does not exist.
2024-10-23 16:06:35,725 - qDNA.tools.save_load - INFO - Data loaded from C:\Users\Dennis Herb\OneDrive\2_Uni\Doktor\python_projects\QuantumDNA\qDNA\data\raw\tb_models.json
2024-10-23 16:08:35,121 - qDNA.tools.save_load - INFO - Data loaded from C:\Users\Dennis Herb\OneDrive\2_Uni\Doktor\python_projects\QuantumDNA\qDNA\data\raw\tb_models.json
2024-10-23 18:14:26,775 - qDNA.tools.save_load - WARNING - File c:\Users\Dennis Herb\OneDrive\2_Uni\Doktor\python_projects\QuantumDNA\qDNA\data\raw\tb_models_props.json does not exist.
2024-10-23 18:14:35,406 - qDNA.tools.save_load - WARNING - File c:\Users\Dennis Herb\OneDrive\2_Uni\Doktor\python_projects\QuantumDNA\qDNA\data\raw\tb_models_props.json does not exist.
2024-10-23 18:14:38,467 - qDNA.tools.save_load - WARNING - File c:\Users\Dennis Herb\OneDrive\2_Uni\Doktor\python_projects\QuantumDNA\qDNA\data\raw\tb_models_props.json does not exist.
2024-10-24 11:49:21,567 - qDNA.tools.save_load - WARNING - File DATA_DIR\raw\tb_params\Hawke2010_electron_ELM.json does not exist.
2024-10-24 11:50:25,699 - qDNA.tools.save_load - WARNING - File C:\Users\Dennis Herb\OneDrive\2_Uni\Doktor\python_projects\QuantumDNA\qDNA\data\raw\tb_models_props.json does not exist.
2024-10-24 11:51:51,250 - qDNA.tools.save_load - INFO - Data loaded from C:\Users\Dennis Herb\OneDrive\2_Uni\Doktor\python_projects\QuantumDNA\qDNA\data\raw\tb_models.json
2024-10-24 11:51:51,985 - qDNA.tools.save_load - WARNING - File DATA_DIR\raw\tb_params\Hawke2010_electron_ELM.json does not exist.
2024-10-24 11:56:09,697 - qDNA.tools.save_load - WARNING - File DATA_DIR\raw\tb_params\Hawke2010_electron_ELM.json does not exist.
2024-10-24 11:56:16,546 - qDNA.tools.save_load - WARNING - File DATA_DIR\raw\tb_params\Hawke2010_electron_ELM.json does not exist.
2024-10-24 11:57:09,550 - qDNA.tools.save_load - INFO - Data loaded from C:\Users\Dennis Herb\OneDrive\2_Uni\Doktor\python_projects\QuantumDNA\qDNA\data\raw\tb_models.json
2024-10-24 11:57:10,309 - qDNA.tools.save_load - INFO - Data loaded from C:\Users\Dennis Herb\OneDrive\2_Uni\Doktor\python_projects\QuantumDNA\qDNA\data\raw\tb_params\Hawke2010_electron_ELM.json
2024-10-24 11:57:10,310 - qDNA.tools.save_load - INFO - Data loaded from C:\Users\Dennis Herb\OneDrive\2_Uni\Doktor\python_projects\QuantumDNA\qDNA\data\raw\tb_params\Hawke2010_hole_ELM.json
2024-10-24 11:57:21,435 - qDNA.tools.save_load - INFO - Data loaded from C:\Users\Dennis Herb\OneDrive\2_Uni\Doktor\python_projects\QuantumDNA\qDNA\data\raw\tb_params\Hawke2010_electron_ELM.json
2024-10-24 11:57:21,435 - qDNA.tools.save_load - INFO - Data loaded from C:\Users\Dennis Herb\OneDrive\2_Uni\Doktor\python_projects\QuantumDNA\qDNA\data\raw\tb_params\Hawke2010_hole_ELM.json
2024-10-24 11:57:49,851 - qDNA.tools.save_load - INFO - Data loaded from C:\Users\Dennis Herb\OneDrive\2_Uni\Doktor\python_projects\QuantumDNA\qDNA\data\raw\tb_params\Hawke2010_electron_ELM.json
2024-10-24 11:57:49,852 - qDNA.tools.save_load - INFO - Data loaded from C:\Users\Dennis Herb\OneDrive\2_Uni\Doktor\python_projects\QuantumDNA\qDNA\data\raw\tb_params\Hawke2010_hole_ELM.json
2024-10-24 11:58:04,956 - qDNA.tools.save_load - INFO - Data loaded from C:\Users\Dennis Herb\OneDrive\2_Uni\Doktor\python_projects\QuantumDNA\qDNA\data\raw\tb_params\Hawke2010_electron_ELM.json
2024-10-24 11:58:04,957 - qDNA.tools.save_load - INFO - Data loaded from C:\Users\Dennis Herb\OneDrive\2_Uni\Doktor\python_projects\QuantumDNA\qDNA\data\raw\tb_params\Hawke2010_hole_ELM.json
2024-10-24 11:58:10,718 - qDNA.tools.save_load - INFO - Data loaded from C:\Users\Dennis Herb\OneDrive\2_Uni\Doktor\python_projects\QuantumDNA\qDNA\data\raw\tb_params\Hawke2010_electron_ELM.json
2024-10-24 11:58:10,718 - qDNA.tools.save_load - INFO - Data loaded from C:\Users\Dennis Herb\OneDrive\2_Uni\Doktor\python_projects\QuantumDNA\qDNA\data\raw\tb_params\Hawke2010_hole_ELM.json
2024-10-24 16:12:49,977 - qDNA.tools.save_load - INFO - Data loaded from C:\Users\Dennis Herb\OneDrive\2_Uni\Doktor\python_projects\QuantumDNA\qDNA\data\raw\tb_models.json
2024-10-24 16:16:29,739 - qDNA.tools.save_load - INFO - Data loaded from C:\Users\Dennis Herb\OneDrive\2_Uni\Doktor\python_projects\QuantumDNA\qDNA\data\raw\tb_params\Hawke2010_electron_ELM.json
2024-10-24 16:16:29,739 - qDNA.tools.save_load - INFO - Data loaded from C:\Users\Dennis Herb\OneDrive\2_Uni\Doktor\python_projects\QuantumDNA\qDNA\data\raw\tb_params\Hawke2010_hole_ELM.json
2024-10-24 16:16:37,597 - qDNA.tools.save_load - INFO - Data loaded from C:\Users\Dennis Herb\OneDrive\2_Uni\Doktor\python_projects\QuantumDNA\qDNA\data\raw\tb_params\Hawke2010_electron_ELM.json
2024-10-24 16:16:37,598 - qDNA.tools.save_load - INFO - Data loaded from C:\Users\Dennis Herb\OneDrive\2_Uni\Doktor\python_projects\QuantumDNA\qDNA\data\raw\tb_params\Hawke2010_hole_ELM.json
2024-10-24 16:21:37,643 - qDNA.tools.save_load - INFO - Data loaded from C:\Users\Dennis Herb\OneDrive\2_Uni\Doktor\python_projects\QuantumDNA\qDNA\data\raw\tb_params\Hawke2010_electron_ELM.json
2024-10-24 16:21:37,644 - qDNA.tools.save_load - INFO - Data loaded from C:\Users\Dennis Herb\OneDrive\2_Uni\Doktor\python_projects\QuantumDNA\qDNA\data\raw\tb_params\Hawke2010_hole_ELM.json
2024-10-24 16:23:07,326 - qDNA.tools.save_load - INFO - Figure saved as C:\Users\Dennis Herb\Desktop\sb45.pdf
2024-10-24 16:23:44,998 - qDNA.tools.save_load - INFO - Data loaded from C:\Users\Dennis Herb\OneDrive\2_Uni\Doktor\python_projects\QuantumDNA\qDNA\data\raw\tb_params\Hawke2010_electron_ELM.json
2024-10-24 16:23:44,999 - qDNA.tools.save_load - INFO - Data loaded from C:\Users\Dennis Herb\OneDrive\2_Uni\Doktor\python_projects\QuantumDNA\qDNA\data\raw\tb_params\Hawke2010_hole_ELM.json
2024-10-24 16:23:48,633 - qDNA.tools.save_load - INFO - Data loaded from C:\Users\Dennis Herb\OneDrive\2_Uni\Doktor\python_projects\QuantumDNA\qDNA\data\raw\tb_params\Hawke2010_electron_ELM.json
2024-10-24 16:23:48,636 - qDNA.tools.save_load - INFO - Data loaded from C:\Users\Dennis Herb\OneDrive\2_Uni\Doktor\python_projects\QuantumDNA\qDNA\data\raw\tb_params\Hawke2010_hole_ELM.json
2024-10-24 16:23:51,548 - qDNA.tools.save_load - INFO - Data loaded from C:\Users\Dennis Herb\OneDrive\2_Uni\Doktor\python_projects\QuantumDNA\qDNA\data\raw\tb_params\Hawke2010_electron_ELM.json
2024-10-24 16:23:51,549 - qDNA.tools.save_load - INFO - Data loaded from C:\Users\Dennis Herb\OneDrive\2_Uni\Doktor\python_projects\QuantumDNA\qDNA\data\raw\tb_params\Hawke2010_hole_ELM.json
2024-10-24 16:23:54,296 - qDNA.tools.save_load - INFO - Data loaded from C:\Users\Dennis Herb\OneDrive\2_Uni\Doktor\python_projects\QuantumDNA\qDNA\data\raw\tb_params\Hawke2010_electron_ELM.json
2024-10-24 16:23:54,299 - qDNA.tools.save_load - INFO - Data loaded from C:\Users\Dennis Herb\OneDrive\2_Uni\Doktor\python_projects\QuantumDNA\qDNA\data\raw\tb_params\Hawke2010_hole_ELM.json
2024-10-24 16:30:11,418 - qDNA.tools.save_load - INFO - Data loaded from C:\Users\Dennis Herb\OneDrive\2_Uni\Doktor\python_projects\QuantumDNA\qDNA\data\raw\tb_params\Hawke2010_electron_ELM.json
2024-10-24 16:30:11,419 - qDNA.tools.save_load - INFO - Data loaded from C:\Users\Dennis Herb\OneDrive\2_Uni\Doktor\python_projects\QuantumDNA\qDNA\data\raw\tb_params\Hawke2010_hole_ELM.json
2024-10-24 16:30:56,429 - qDNA.tools.save_load - INFO - Data loaded from C:\Users\Dennis Herb\OneDrive\2_Uni\Doktor\python_projects\QuantumDNA\qDNA\data\raw\tb_params\Hawke2010_electron_WM.json
2024-10-24 16:30:56,432 - qDNA.tools.save_load - INFO - Data loaded from C:\Users\Dennis Herb\OneDrive\2_Uni\Doktor\python_projects\QuantumDNA\qDNA\data\raw\tb_params\Hawke2010_hole_WM.json
2024-10-24 16:31:07,424 - qDNA.tools.save_load - INFO - Data loaded from C:\Users\Dennis Herb\OneDrive\2_Uni\Doktor\python_projects\QuantumDNA\qDNA\data\raw\tb_params\Hawke2010_electron_WM.json
2024-10-24 16:31:07,425 - qDNA.tools.save_load - INFO - Data loaded from C:\Users\Dennis Herb\OneDrive\2_Uni\Doktor\python_projects\QuantumDNA\qDNA\data\raw\tb_params\Hawke2010_hole_WM.json
2024-10-24 16:31:07,430 - qDNA.tools.save_load - INFO - Data loaded from C:\Users\Dennis Herb\OneDrive\2_Uni\Doktor\python_projects\QuantumDNA\qDNA\data\raw\tb_params\Hawke2010_electron_WM.json
2024-10-24 16:31:07,431 - qDNA.tools.save_load - INFO - Data loaded from C:\Users\Dennis Herb\OneDrive\2_Uni\Doktor\python_projects\QuantumDNA\qDNA\data\raw\tb_params\Hawke2010_hole_WM.json
2024-10-24 16:31:17,580 - qDNA.tools.save_load - INFO - Data loaded from C:\Users\Dennis Herb\OneDrive\2_Uni\Doktor\python_projects\QuantumDNA\qDNA\data\raw\tb_params\Hawke2010_electron_WM.json
2024-10-24 16:31:17,582 - qDNA.tools.save_load - INFO - Data loaded from C:\Users\Dennis Herb\OneDrive\2_Uni\Doktor\python_projects\QuantumDNA\qDNA\data\raw\tb_params\Hawke2010_hole_WM.json
2024-10-24 16:31:17,586 - qDNA.tools.save_load - INFO - Data loaded from C:\Users\Dennis Herb\OneDrive\2_Uni\Doktor\python_projects\QuantumDNA\qDNA\data\raw\tb_params\Hawke2010_electron_WM.json
2024-10-24 16:31:17,588 - qDNA.tools.save_load - INFO - Data loaded from C:\Users\Dennis Herb\OneDrive\2_Uni\Doktor\python_projects\QuantumDNA\qDNA\data\raw\tb_params\Hawke2010_hole_WM.json
2024-10-24 16:31:26,489 - qDNA.tools.save_load - INFO - Data loaded from C:\Users\Dennis Herb\OneDrive\2_Uni\Doktor\python_projects\QuantumDNA\qDNA\data\raw\tb_params\Hawke2010_electron_WM.json
2024-10-24 16:31:26,490 - qDNA.tools.save_load - INFO - Data loaded from C:\Users\Dennis Herb\OneDrive\2_Uni\Doktor\python_projects\QuantumDNA\qDNA\data\raw\tb_params\Hawke2010_hole_WM.json
2024-10-24 16:31:26,496 - qDNA.tools.save_load - INFO - Data loaded from C:\Users\Dennis Herb\OneDrive\2_Uni\Doktor\python_projects\QuantumDNA\qDNA\data\raw\tb_params\Hawke2010_electron_WM.json
2024-10-24 16:31:26,497 - qDNA.tools.save_load - INFO - Data loaded from C:\Users\Dennis Herb\OneDrive\2_Uni\Doktor\python_projects\QuantumDNA\qDNA\data\raw\tb_params\Hawke2010_hole_WM.json
2024-10-24 16:31:34,041 - qDNA.tools.save_load - INFO - Data loaded from C:\Users\Dennis Herb\OneDrive\2_Uni\Doktor\python_projects\QuantumDNA\qDNA\data\raw\tb_params\Hawke2010_electron_WM.json
2024-10-24 16:31:34,042 - qDNA.tools.save_load - INFO - Data loaded from C:\Users\Dennis Herb\OneDrive\2_Uni\Doktor\python_projects\QuantumDNA\qDNA\data\raw\tb_params\Hawke2010_hole_WM.json
2024-10-24 16:31:34,051 - qDNA.tools.save_load - INFO - Data loaded from C:\Users\Dennis Herb\OneDrive\2_Uni\Doktor\python_projects\QuantumDNA\qDNA\data\raw\tb_params\Hawke2010_electron_WM.json
2024-10-24 16:31:34,052 - qDNA.tools.save_load - INFO - Data loaded from C:\Users\Dennis Herb\OneDrive\2_Uni\Doktor\python_projects\QuantumDNA\qDNA\data\raw\tb_params\Hawke2010_hole_WM.json
2024-10-24 16:31:53,445 - qDNA.tools.save_load - INFO - Data loaded from C:\Users\Dennis Herb\OneDrive\2_Uni\Doktor\python_projects\QuantumDNA\qDNA\data\raw\tb_params\Hawke2010_electron_WM.json
2024-10-24 16:31:53,446 - qDNA.tools.save_load - INFO - Data loaded from C:\Users\Dennis Herb\OneDrive\2_Uni\Doktor\python_projects\QuantumDNA\qDNA\data\raw\tb_params\Hawke2010_hole_WM.json
2024-10-24 16:31:53,453 - qDNA.tools.save_load - INFO - Data loaded from C:\Users\Dennis Herb\OneDrive\2_Uni\Doktor\python_projects\QuantumDNA\qDNA\data\raw\tb_params\Hawke2010_electron_WM.json
2024-10-24 16:31:53,454 - qDNA.tools.save_load - INFO - Data loaded from C:\Users\Dennis Herb\OneDrive\2_Uni\Doktor\python_projects\QuantumDNA\qDNA\data\raw\tb_params\Hawke2010_hole_WM.json
2024-10-24 16:32:03,642 - qDNA.tools.save_load - INFO - Data loaded from C:\Users\Dennis Herb\OneDrive\2_Uni\Doktor\python_projects\QuantumDNA\qDNA\data\raw\tb_params\Hawke2010_electron_WM.json
2024-10-24 16:32:03,644 - qDNA.tools.save_load - INFO - Data loaded from C:\Users\Dennis Herb\OneDrive\2_Uni\Doktor\python_projects\QuantumDNA\qDNA\data\raw\tb_params\Hawke2010_hole_WM.json
2024-10-24 16:32:03,653 - qDNA.tools.save_load - INFO - Data loaded from C:\Users\Dennis Herb\OneDrive\2_Uni\Doktor\python_projects\QuantumDNA\qDNA\data\raw\tb_params\Hawke2010_electron_WM.json
2024-10-24 16:32:03,654 - qDNA.tools.save_load - INFO - Data loaded from C:\Users\Dennis Herb\OneDrive\2_Uni\Doktor\python_projects\QuantumDNA\qDNA\data\raw\tb_params\Hawke2010_hole_WM.json
2024-10-24 16:32:22,711 - qDNA.tools.save_load - INFO - Data loaded from C:\Users\Dennis Herb\OneDrive\2_Uni\Doktor\python_projects\QuantumDNA\qDNA\data\raw\tb_params\Hawke2010_electron_WM.json
2024-10-24 16:32:22,713 - qDNA.tools.save_load - INFO - Data loaded from C:\Users\Dennis Herb\OneDrive\2_Uni\Doktor\python_projects\QuantumDNA\qDNA\data\raw\tb_params\Hawke2010_hole_WM.json
2024-10-24 16:32:28,961 - qDNA.tools.save_load - INFO - Data loaded from C:\Users\Dennis Herb\OneDrive\2_Uni\Doktor\python_projects\QuantumDNA\qDNA\data\raw\tb_params\Hawke2010_electron_WM.json
2024-10-24 16:32:28,962 - qDNA.tools.save_load - INFO - Data loaded from C:\Users\Dennis Herb\OneDrive\2_Uni\Doktor\python_projects\QuantumDNA\qDNA\data\raw\tb_params\Hawke2010_hole_WM.json
2024-10-24 16:32:45,944 - qDNA.tools.save_load - INFO - Data loaded from C:\Users\Dennis Herb\OneDrive\2_Uni\Doktor\python_projects\QuantumDNA\qDNA\data\raw\tb_params\Hawke2010_electron_WM.json
2024-10-24 16:32:45,946 - qDNA.tools.save_load - INFO - Data loaded from C:\Users\Dennis Herb\OneDrive\2_Uni\Doktor\python_projects\QuantumDNA\qDNA\data\raw\tb_params\Hawke2010_hole_WM.json
2024-10-24 16:32:54,338 - qDNA.tools.save_load - INFO - Data loaded from C:\Users\Dennis Herb\OneDrive\2_Uni\Doktor\python_projects\QuantumDNA\qDNA\data\raw\tb_params\Hawke2010_electron_WM.json
2024-10-24 16:32:54,339 - qDNA.tools.save_load - INFO - Data loaded from C:\Users\Dennis Herb\OneDrive\2_Uni\Doktor\python_projects\QuantumDNA\qDNA\data\raw\tb_params\Hawke2010_hole_WM.json
2024-10-24 16:33:05,806 - qDNA.tools.save_load - INFO - Data loaded from C:\Users\Dennis Herb\OneDrive\2_Uni\Doktor\python_projects\QuantumDNA\qDNA\data\raw\tb_params\Hawke2010_electron_WM.json
2024-10-24 16:33:05,809 - qDNA.tools.save_load - INFO - Data loaded from C:\Users\Dennis Herb\OneDrive\2_Uni\Doktor\python_projects\QuantumDNA\qDNA\data\raw\tb_params\Hawke2010_hole_WM.json
2024-10-24 16:34:32,402 - qDNA.tools.save_load - INFO - Data loaded from C:\Users\Dennis Herb\OneDrive\2_Uni\Doktor\python_projects\QuantumDNA\qDNA\data\raw\tb_params\Hawke2010_electron_WM.json
2024-10-24 16:34:32,404 - qDNA.tools.save_load - INFO - Data loaded from C:\Users\Dennis Herb\OneDrive\2_Uni\Doktor\python_projects\QuantumDNA\qDNA\data\raw\tb_params\Hawke2010_hole_WM.json
2024-10-24 16:36:29,725 - qDNA.tools.save_load - INFO - Data loaded from C:\Users\Dennis Herb\OneDrive\2_Uni\Doktor\python_projects\QuantumDNA\qDNA\data\raw\tb_params\Hawke2010_electron_WM.json
2024-10-24 16:36:29,727 - qDNA.tools.save_load - INFO - Data loaded from C:\Users\Dennis Herb\OneDrive\2_Uni\Doktor\python_projects\QuantumDNA\qDNA\data\raw\tb_params\Hawke2010_hole_WM.json
2024-10-24 16:36:37,170 - qDNA.tools.save_load - INFO - Data loaded from C:\Users\Dennis Herb\OneDrive\2_Uni\Doktor\python_projects\QuantumDNA\qDNA\data\raw\tb_params\Hawke2010_electron_WM.json
2024-10-24 16:36:37,171 - qDNA.tools.save_load - INFO - Data loaded from C:\Users\Dennis Herb\OneDrive\2_Uni\Doktor\python_projects\QuantumDNA\qDNA\data\raw\tb_params\Hawke2010_hole_WM.json
2024-10-24 16:36:40,783 - qDNA.tools.save_load - INFO - Data loaded from C:\Users\Dennis Herb\OneDrive\2_Uni\Doktor\python_projects\QuantumDNA\qDNA\data\raw\tb_params\Hawke2010_electron_WM.json
2024-10-24 16:36:40,784 - qDNA.tools.save_load - INFO - Data loaded from C:\Users\Dennis Herb\OneDrive\2_Uni\Doktor\python_projects\QuantumDNA\qDNA\data\raw\tb_params\Hawke2010_hole_WM.json
2024-10-24 16:40:51,922 - qDNA.tools.save_load - INFO - Data loaded from C:\Users\Dennis Herb\OneDrive\2_Uni\Doktor\python_projects\QuantumDNA\qDNA\data\raw\tb_params\Hawke2010_electron_WM.json
2024-10-24 16:40:51,923 - qDNA.tools.save_load - INFO - Data loaded from C:\Users\Dennis Herb\OneDrive\2_Uni\Doktor\python_projects\QuantumDNA\qDNA\data\raw\tb_params\Hawke2010_hole_WM.json
2024-10-24 16:51:30,248 - qDNA.tools.save_load - INFO - Data loaded from C:\Users\Dennis Herb\OneDrive\2_Uni\Doktor\python_projects\QuantumDNA\qDNA\data\raw\tb_params\Hawke2010_electron_WM.json
2024-10-24 16:51:30,250 - qDNA.tools.save_load - INFO - Data loaded from C:\Users\Dennis Herb\OneDrive\2_Uni\Doktor\python_projects\QuantumDNA\qDNA\data\raw\tb_params\Hawke2010_hole_WM.json
2024-10-24 16:51:49,931 - qDNA.tools.save_load - INFO - Data loaded from C:\Users\Dennis Herb\OneDrive\2_Uni\Doktor\python_projects\QuantumDNA\qDNA\data\raw\tb_params\Hawke2010_electron_WM.json
2024-10-24 16:51:49,933 - qDNA.tools.save_load - INFO - Data loaded from C:\Users\Dennis Herb\OneDrive\2_Uni\Doktor\python_projects\QuantumDNA\qDNA\data\raw\tb_params\Hawke2010_hole_WM.json
2024-10-24 16:51:57,852 - qDNA.tools.save_load - INFO - Data loaded from C:\Users\Dennis Herb\OneDrive\2_Uni\Doktor\python_projects\QuantumDNA\qDNA\data\raw\tb_params\Hawke2010_electron_WM.json
2024-10-24 16:51:57,853 - qDNA.tools.save_load - INFO - Data loaded from C:\Users\Dennis Herb\OneDrive\2_Uni\Doktor\python_projects\QuantumDNA\qDNA\data\raw\tb_params\Hawke2010_hole_WM.json
2024-10-24 16:52:08,898 - qDNA.tools.save_load - INFO - Data loaded from C:\Users\Dennis Herb\OneDrive\2_Uni\Doktor\python_projects\QuantumDNA\qDNA\data\raw\tb_params\Hawke2010_electron_WM.json
2024-10-24 16:52:08,900 - qDNA.tools.save_load - INFO - Data loaded from C:\Users\Dennis Herb\OneDrive\2_Uni\Doktor\python_projects\QuantumDNA\qDNA\data\raw\tb_params\Hawke2010_hole_WM.json
2024-10-24 16:52:11,736 - qDNA.tools.save_load - INFO - Data loaded from C:\Users\Dennis Herb\OneDrive\2_Uni\Doktor\python_projects\QuantumDNA\qDNA\data\raw\tb_params\Hawke2010_electron_WM.json
2024-10-24 16:52:11,737 - qDNA.tools.save_load - INFO - Data loaded from C:\Users\Dennis Herb\OneDrive\2_Uni\Doktor\python_projects\QuantumDNA\qDNA\data\raw\tb_params\Hawke2010_hole_WM.json
2024-10-24 16:52:13,242 - qDNA.tools.save_load - INFO - Data loaded from C:\Users\Dennis Herb\OneDrive\2_Uni\Doktor\python_projects\QuantumDNA\qDNA\data\raw\tb_params\Hawke2010_electron_WM.json
2024-10-24 16:52:13,244 - qDNA.tools.save_load - INFO - Data loaded from C:\Users\Dennis Herb\OneDrive\2_Uni\Doktor\python_projects\QuantumDNA\qDNA\data\raw\tb_params\Hawke2010_hole_WM.json
2024-10-24 16:52:23,344 - qDNA.tools.save_load - INFO - Data loaded from C:\Users\Dennis Herb\OneDrive\2_Uni\Doktor\python_projects\QuantumDNA\qDNA\data\raw\tb_params\Hawke2010_electron_WM.json
2024-10-24 16:52:23,345 - qDNA.tools.save_load - INFO - Data loaded from C:\Users\Dennis Herb\OneDrive\2_Uni\Doktor\python_projects\QuantumDNA\qDNA\data\raw\tb_params\Hawke2010_hole_WM.json
2024-10-24 16:52:35,307 - qDNA.tools.save_load - INFO - Data loaded from C:\Users\Dennis Herb\OneDrive\2_Uni\Doktor\python_projects\QuantumDNA\qDNA\data\raw\tb_params\Hawke2010_electron_WM.json
2024-10-24 16:52:35,309 - qDNA.tools.save_load - INFO - Data loaded from C:\Users\Dennis Herb\OneDrive\2_Uni\Doktor\python_projects\QuantumDNA\qDNA\data\raw\tb_params\Hawke2010_hole_WM.json
2024-10-24 16:52:48,461 - qDNA.tools.save_load - INFO - Data loaded from C:\Users\Dennis Herb\OneDrive\2_Uni\Doktor\python_projects\QuantumDNA\qDNA\data\raw\tb_params\Hawke2010_electron_WM.json
2024-10-24 16:52:48,463 - qDNA.tools.save_load - INFO - Data loaded from C:\Users\Dennis Herb\OneDrive\2_Uni\Doktor\python_projects\QuantumDNA\qDNA\data\raw\tb_params\Hawke2010_hole_WM.json
2024-10-24 16:53:10,409 - qDNA.tools.save_load - INFO - Data loaded from C:\Users\Dennis Herb\OneDrive\2_Uni\Doktor\python_projects\QuantumDNA\qDNA\data\raw\tb_params\Hawke2010_electron_WM.json
2024-10-24 16:53:10,410 - qDNA.tools.save_load - INFO - Data loaded from C:\Users\Dennis Herb\OneDrive\2_Uni\Doktor\python_projects\QuantumDNA\qDNA\data\raw\tb_params\Hawke2010_hole_WM.json
2024-10-24 16:53:24,117 - qDNA.tools.save_load - INFO - Data loaded from C:\Users\Dennis Herb\OneDrive\2_Uni\Doktor\python_projects\QuantumDNA\qDNA\data\raw\tb_params\Hawke2010_electron_WM.json
2024-10-24 16:53:24,120 - qDNA.tools.save_load - INFO - Data loaded from C:\Users\Dennis Herb\OneDrive\2_Uni\Doktor\python_projects\QuantumDNA\qDNA\data\raw\tb_params\Hawke2010_hole_WM.json
2024-10-24 16:53:24,139 - qDNA.tools.save_load - INFO - Data loaded from C:\Users\Dennis Herb\OneDrive\2_Uni\Doktor\python_projects\QuantumDNA\qDNA\data\raw\tb_params\Hawke2010_electron_WM.json
2024-10-24 16:53:24,141 - qDNA.tools.save_load - INFO - Data loaded from C:\Users\Dennis Herb\OneDrive\2_Uni\Doktor\python_projects\QuantumDNA\qDNA\data\raw\tb_params\Hawke2010_hole_WM.json
2024-10-24 16:53:32,981 - qDNA.tools.save_load - INFO - Data loaded from C:\Users\Dennis Herb\OneDrive\2_Uni\Doktor\python_projects\QuantumDNA\qDNA\data\raw\tb_params\Hawke2010_electron_WM.json
2024-10-24 16:53:32,982 - qDNA.tools.save_load - INFO - Data loaded from C:\Users\Dennis Herb\OneDrive\2_Uni\Doktor\python_projects\QuantumDNA\qDNA\data\raw\tb_params\Hawke2010_hole_WM.json
2024-10-24 16:54:08,897 - qDNA.tools.save_load - INFO - Data loaded from C:\Users\Dennis Herb\OneDrive\2_Uni\Doktor\python_projects\QuantumDNA\qDNA\data\raw\tb_params\Hawke2010_electron_WM.json
2024-10-24 16:54:08,897 - qDNA.tools.save_load - INFO - Data loaded from C:\Users\Dennis Herb\OneDrive\2_Uni\Doktor\python_projects\QuantumDNA\qDNA\data\raw\tb_params\Hawke2010_hole_WM.json
2024-10-24 16:54:08,914 - qDNA.tools.save_load - INFO - Data loaded from C:\Users\Dennis Herb\OneDrive\2_Uni\Doktor\python_projects\QuantumDNA\qDNA\data\raw\tb_params\Hawke2010_electron_WM.json
2024-10-24 16:54:08,921 - qDNA.tools.save_load - INFO - Data loaded from C:\Users\Dennis Herb\OneDrive\2_Uni\Doktor\python_projects\QuantumDNA\qDNA\data\raw\tb_params\Hawke2010_hole_WM.json
2024-10-24 17:00:55,483 - qDNA.tools.save_load - WARNING - File C:\Users\Dennis Herb\OneDrive\2_Uni\Doktor\python_projects\QuantumDNA\qDNA\data\raw\comp_time.json.json does not exist.
2024-10-24 17:01:13,666 - qDNA.tools.save_load - INFO - Data loaded from C:\Users\Dennis Herb\OneDrive\2_Uni\Doktor\python_projects\QuantumDNA\qDNA\data\raw\tb_models.json
2024-10-24 17:01:14,376 - qDNA.tools.save_load - WARNING - File C:\Users\Dennis Herb\OneDrive\2_Uni\Doktor\python_projects\QuantumDNA\qDNA\data\raw\comp_time.json.json does not exist.
2024-10-24 17:01:24,080 - qDNA.tools.save_load - INFO - Data loaded from C:\Users\Dennis Herb\OneDrive\2_Uni\Doktor\python_projects\QuantumDNA\qDNA\data\raw\comp_time.json
2024-10-24 17:03:01,026 - qDNA.tools.save_load - INFO - Data loaded from C:\Users\Dennis Herb\OneDrive\2_Uni\Doktor\python_projects\QuantumDNA\qDNA\data\raw\comp_time.json
2024-10-24 17:12:36,936 - qDNA.tools.save_load - INFO - Data loaded from C:\Users\Dennis Herb\OneDrive\2_Uni\Doktor\python_projects\QuantumDNA\qDNA\data\raw\tb_models.json
2024-10-24 17:13:27,746 - qDNA.tools.save_load - INFO - Data loaded from C:\Users\Dennis Herb\OneDrive\2_Uni\Doktor\python_projects\QuantumDNA\qDNA\data\raw\comp_time.json
2024-10-24 17:13:45,894 - qDNA.tools.save_load - INFO - Data loaded from C:\Users\Dennis Herb\OneDrive\2_Uni\Doktor\python_projects\QuantumDNA\qDNA\data\raw\tb_models.json
2024-10-24 17:13:45,894 - qDNA.tools.save_load - INFO - Data loaded from C:\Users\Dennis Herb\OneDrive\2_Uni\Doktor\python_projects\QuantumDNA\qDNA\data\raw\tb_models.json
2024-10-24 17:13:47,023 - qDNA.tools.save_load - INFO - Data loaded from C:\Users\Dennis Herb\OneDrive\2_Uni\Doktor\python_projects\QuantumDNA\qDNA\data\raw\tb_params\Hawke2010_electron_ELM.json
2024-10-24 17:13:47,023 - qDNA.tools.save_load - INFO - Data loaded from C:\Users\Dennis Herb\OneDrive\2_Uni\Doktor\python_projects\QuantumDNA\qDNA\data\raw\tb_params\Hawke2010_hole_ELM.json
on
2024-10-24 17:13:47,023 - qDNA.tools.save_load - INFO - Data loaded from C:\Users\Dennis Herb\OneDrive\2_Uni\Doktor\python_projects\QuantumDNA\qDNA\data\raw\tb_params\Hawke2010_hole_ELM.json
2024-10-24 17:13:48,909 - qDNA.tools.save_load - INFO - Data saved as C:\Users\Dennis Herb\OneDrive\2_Uni\Doktor\python_projects\QuantumDNA\qDNA\data\gui\lifetime_delete.json
2024-10-24 17:13:48,910 - qDNA.tools.save_load - INFO - Data loaded from C:\Users\Dennis Herb\OneDrive\2_Uni\Doktor\python_projects\QuantumDNA\qDNA\data\gui\lifetime_delete.json
2024-10-24 17:13:49,094 - qDNA.tools.save_load - INFO - Data loaded from C:\Users\Dennis Herb\OneDrive\2_Uni\Doktor\python_projects\QuantumDNA\qDNA\data\raw\tb_models.json
2024-10-24 17:13:49,094 - qDNA.tools.save_load - INFO - Data loaded from C:\Users\Dennis Herb\OneDrive\2_Uni\Doktor\python_projects\QuantumDNA\qDNA\data\raw\tb_models.json
2024-10-24 17:13:50,168 - qDNA.tools.save_load - INFO - Data loaded from C:\Users\Dennis Herb\OneDrive\2_Uni\Doktor\python_projects\QuantumDNA\qDNA\data\raw\tb_params\Hawke2010_electron_ELM.json
2024-10-24 17:13:50,168 - qDNA.tools.save_load - INFO - Data loaded from C:\Users\Dennis Herb\OneDrive\2_Uni\Doktor\python_projects\QuantumDNA\qDNA\data\raw\tb_params\Hawke2010_hole_ELM.json
2024-10-24 17:13:50,168 - qDNA.tools.save_load - INFO - Data loaded from C:\Users\Dennis Herb\OneDrive\2_Uni\Doktor\python_projects\QuantumDNA\qDNA\data\raw\tb_params\Hawke2010_electron_ELM.json
2024-10-24 17:13:50,169 - qDNA.tools.save_load - INFO - Data loaded from C:\Users\Dennis Herb\OneDrive\2_Uni\Doktor\python_projects\QuantumDNA\qDNA\data\raw\tb_params\Hawke2010_hole_ELM.json
2024-10-24 17:13:50,183 - qDNA.tools.save_load - INFO - Data loaded from C:\Users\Dennis Herb\OneDrive\2_Uni\Doktor\python_projects\QuantumDNA\qDNA\data\raw\tb_params\Hawke2010_electron_ELM.json
2024-10-24 17:13:50,183 - qDNA.tools.save_load - INFO - Data loaded from C:\Users\Dennis Herb\OneDrive\2_Uni\Doktor\python_projects\QuantumDNA\qDNA\data\raw\tb_params\Hawke2010_electron_ELM.json
2024-10-24 17:13:50,184 - qDNA.tools.save_load - INFO - Data loaded from C:\Users\Dennis Herb\OneDrive\2_Uni\Doktor\python_projects\QuantumDNA\qDNA\data\raw\tb_params\Hawke2010_hole_ELM.json
2024-10-24 17:13:50,184 - qDNA.tools.save_load - INFO - Data loaded from C:\Users\Dennis Herb\OneDrive\2_Uni\Doktor\python_projects\QuantumDNA\qDNA\data\raw\tb_params\Hawke2010_hole_ELM.json
2024-10-24 17:13:50,670 - qDNA.tools.save_load - INFO - Data saved as C:\Users\Dennis Herb\OneDrive\2_Uni\Doktor\python_projects\QuantumDNA\qDNA\data\gui\dipole_delete.json
2024-10-24 17:13:50,672 - qDNA.tools.save_load - INFO - Data loaded from C:\Users\Dennis Herb\OneDrive\2_Uni\Doktor\python_projects\QuantumDNA\qDNA\data\gui\dipole_delete.json
2024-10-24 17:13:50,677 - qDNA.tools.save_load - WARNING - File C:\Users\Dennis Herb\OneDrive\2_Uni\Doktor\python_projects\QuantumDNA\qDNA\data\gui\dipole_delete.json already exists.
2024-10-24 17:13:50,678 - qDNA.tools.save_load - INFO - Data loaded from C:\Users\Dennis Herb\OneDrive\2_Uni\Doktor\python_projects\QuantumDNA\qDNA\data\gui\lifetime_delete.json
2024-10-24 17:13:50,859 - qDNA.tools.save_load - INFO - Data loaded from C:\Users\Dennis Herb\OneDrive\2_Uni\Doktor\python_projects\QuantumDNA\qDNA\data\raw\tb_models.json
2024-10-24 17:13:50,859 - qDNA.tools.save_load - INFO - Data loaded from C:\Users\Dennis Herb\OneDrive\2_Uni\Doktor\python_projects\QuantumDNA\qDNA\data\raw\tb_models.json
2024-10-24 17:13:51,881 - qDNA.tools.save_load - INFO - Data loaded from C:\Users\Dennis Herb\OneDrive\2_Uni\Doktor\python_projects\QuantumDNA\qDNA\data\raw\tb_params\Hawke2010_electron_ELM.json
2024-10-24 17:13:51,881 - qDNA.tools.save_load - INFO - Data loaded from C:\Users\Dennis Herb\OneDrive\2_Uni\Doktor\python_projects\QuantumDNA\qDNA\data\raw\tb_params\Hawke2010_hole_ELM.json
2024-10-24 17:13:51,881 - qDNA.tools.save_load - INFO - Data loaded from C:\Users\Dennis Herb\OneDrive\2_Uni\Doktor\python_projects\QuantumDNA\qDNA\data\raw\tb_params\Hawke2010_electron_ELM.json
2024-10-24 17:13:51,882 - qDNA.tools.save_load - INFO - Data loaded from C:\Users\Dennis Herb\OneDrive\2_Uni\Doktor\python_projects\QuantumDNA\qDNA\data\raw\tb_params\Hawke2010_hole_ELM.json
2024-10-24 17:13:51,897 - qDNA.tools.save_load - INFO - Data loaded from C:\Users\Dennis Herb\OneDrive\2_Uni\Doktor\python_projects\QuantumDNA\qDNA\data\raw\tb_params\Hawke2010_electron_ELM.json
2024-10-24 17:13:51,897 - qDNA.tools.save_load - INFO - Data loaded from C:\Users\Dennis Herb\OneDrive\2_Uni\Doktor\python_projects\QuantumDNA\qDNA\data\raw\tb_params\Hawke2010_hole_ELM.json
2024-10-24 17:13:51,899 - qDNA.tools.save_load - INFO - Data loaded from C:\Users\Dennis Herb\OneDrive\2_Uni\Doktor\python_projects\QuantumDNA\qDNA\data\raw\tb_params\Hawke2010_electron_ELM.json
2024-10-24 17:13:51,899 - qDNA.tools.save_load - INFO - Data loaded from C:\Users\Dennis Herb\OneDrive\2_Uni\Doktor\python_projects\QuantumDNA\qDNA\data\raw\tb_params\Hawke2010_hole_ELM.json
2024-10-24 17:13:52,384 - qDNA.tools.save_load - INFO - Data saved as C:\Users\Dennis Herb\OneDrive\2_Uni\Doktor\python_projects\QuantumDNA\qDNA\data\gui\exciton_transfer_delete.json
2024-10-24 17:14:46,927 - qDNA.tools.save_load - INFO - Data loaded from C:\Users\Dennis Herb\OneDrive\2_Uni\Doktor\python_projects\QuantumDNA\qDNA\data\raw\tb_models.json
2024-10-24 17:16:23,574 - qDNA.tools.save_load - INFO - Data loaded from C:\Users\Dennis Herb\OneDrive\2_Uni\Doktor\python_projects\QuantumDNA\qDNA\data\raw\comp_time.json
2024-10-24 17:16:24,667 - qDNA.tools.save_load - INFO - Data loaded from C:\Users\Dennis Herb\OneDrive\2_Uni\Doktor\python_projects\QuantumDNA\qDNA\data\raw\tb_models.json
2024-10-24 17:16:24,672 - qDNA.tools.save_load - INFO - Data loaded from C:\Users\Dennis Herb\OneDrive\2_Uni\Doktor\python_projects\QuantumDNA\qDNA\data\raw\tb_models.json
2024-10-24 17:16:25,802 - qDNA.tools.save_load - INFO - Data loaded from C:\Users\Dennis Herb\OneDrive\2_Uni\Doktor\python_projects\QuantumDNA\qDNA\data\raw\tb_params\Hawke2010_electron_ELM.json
2024-10-24 17:16:25,802 - qDNA.tools.save_load - INFO - Data loaded from C:\Users\Dennis Herb\OneDrive\2_Uni\Doktor\python_projects\QuantumDNA\qDNA\data\raw\tb_params\Hawke2010_hole_ELM.json
2024-10-24 17:16:25,803 - qDNA.tools.save_load - INFO - Data loaded from C:\Users\Dennis Herb\OneDrive\2_Uni\Doktor\python_projects\QuantumDNA\qDNA\data\raw\tb_params\Hawke2010_electron_ELM.json
2024-10-24 17:16:25,803 - qDNA.tools.save_load - INFO - Data loaded from C:\Users\Dennis Herb\OneDrive\2_Uni\Doktor\python_projects\QuantumDNA\qDNA\data\raw\tb_params\Hawke2010_hole_ELM.json
2024-10-24 17:16:27,654 - qDNA.tools.save_load - INFO - Data saved as C:\Users\Dennis Herb\OneDrive\2_Uni\Doktor\python_projects\QuantumDNA\qDNA\data\gui\lifetime_delete.json
2024-10-24 17:16:27,656 - qDNA.tools.save_load - INFO - Data loaded from C:\Users\Dennis Herb\OneDrive\2_Uni\Doktor\python_projects\QuantumDNA\qDNA\data\gui\lifetime_delete.json
2024-10-24 17:16:27,843 - qDNA.tools.save_load - INFO - Data loaded from C:\Users\Dennis Herb\OneDrive\2_Uni\Doktor\python_projects\QuantumDNA\qDNA\data\raw\tb_models.json
2024-10-24 17:16:27,843 - qDNA.tools.save_load - INFO - Data loaded from C:\Users\Dennis Herb\OneDrive\2_Uni\Doktor\python_projects\QuantumDNA\qDNA\data\raw\tb_models.json
2024-10-24 17:16:29,008 - qDNA.tools.save_load - INFO - Data loaded from C:\Users\Dennis Herb\OneDrive\2_Uni\Doktor\python_projects\QuantumDNA\qDNA\data\raw\tb_params\Hawke2010_electron_ELM.json
2024-10-24 17:16:29,009 - qDNA.tools.save_load - INFO - Data loaded from C:\Users\Dennis Herb\OneDrive\2_Uni\Doktor\python_projects\QuantumDNA\qDNA\data\raw\tb_params\Hawke2010_hole_ELM.json
2024-10-24 17:16:29,010 - qDNA.tools.save_load - INFO - Data loaded from C:\Users\Dennis Herb\OneDrive\2_Uni\Doktor\python_projects\QuantumDNA\qDNA\data\raw\tb_params\Hawke2010_electron_ELM.json
2024-10-24 17:16:29,010 - qDNA.tools.save_load - INFO - Data loaded from C:\Users\Dennis Herb\OneDrive\2_Uni\Doktor\python_projects\QuantumDNA\qDNA\data\raw\tb_params\Hawke2010_hole_ELM.json
2024-10-24 17:16:29,023 - qDNA.tools.save_load - INFO - Data loaded from C:\Users\Dennis Herb\OneDrive\2_Uni\Doktor\python_projects\QuantumDNA\qDNA\data\raw\tb_params\Hawke2010_electron_ELM.json
2024-10-24 17:16:29,024 - qDNA.tools.save_load - INFO - Data loaded from C:\Users\Dennis Herb\OneDrive\2_Uni\Doktor\python_projects\QuantumDNA\qDNA\data\raw\tb_params\Hawke2010_hole_ELM.json
2024-10-24 17:16:29,024 - qDNA.tools.save_load - INFO - Data loaded from C:\Users\Dennis Herb\OneDrive\2_Uni\Doktor\python_projects\QuantumDNA\qDNA\data\raw\tb_params\Hawke2010_electron_ELM.json
2024-10-24 17:16:29,024 - qDNA.tools.save_load - INFO - Data loaded from C:\Users\Dennis Herb\OneDrive\2_Uni\Doktor\python_projects\QuantumDNA\qDNA\data\raw\tb_params\Hawke2010_hole_ELM.json
2024-10-24 17:16:29,529 - qDNA.tools.save_load - INFO - Data saved as C:\Users\Dennis Herb\OneDrive\2_Uni\Doktor\python_projects\QuantumDNA\qDNA\data\gui\dipole_delete.json
2024-10-24 17:16:29,531 - qDNA.tools.save_load - INFO - Data loaded from C:\Users\Dennis Herb\OneDrive\2_Uni\Doktor\python_projects\QuantumDNA\qDNA\data\gui\dipole_delete.json
2024-10-24 17:16:29,533 - qDNA.tools.save_load - WARNING - File C:\Users\Dennis Herb\OneDrive\2_Uni\Doktor\python_projects\QuantumDNA\qDNA\data\gui\dipole_delete.json already exists.
2024-10-24 17:16:29,534 - qDNA.tools.save_load - INFO - Data loaded from C:\Users\Dennis Herb\OneDrive\2_Uni\Doktor\python_projects\QuantumDNA\qDNA\data\gui\lifetime_delete.json
2024-10-24 17:16:29,721 - qDNA.tools.save_load - INFO - Data loaded from C:\Users\Dennis Herb\OneDrive\2_Uni\Doktor\python_projects\QuantumDNA\qDNA\data\raw\tb_models.json
2024-10-24 17:16:29,721 - qDNA.tools.save_load - INFO - Data loaded from C:\Users\Dennis Herb\OneDrive\2_Uni\Doktor\python_projects\QuantumDNA\qDNA\data\raw\tb_models.json
2024-10-24 17:16:30,847 - qDNA.tools.save_load - INFO - Data loaded from C:\Users\Dennis Herb\OneDrive\2_Uni\Doktor\python_projects\QuantumDNA\qDNA\data\raw\tb_params\Hawke2010_electron_ELM.json
2024-10-24 17:16:30,847 - qDNA.tools.save_load - INFO - Data loaded from C:\Users\Dennis Herb\OneDrive\2_Uni\Doktor\python_projects\QuantumDNA\qDNA\data\raw\tb_params\Hawke2010_hole_ELM.json
2024-10-24 17:16:30,847 - qDNA.tools.save_load - INFO - Data loaded from C:\Users\Dennis Herb\OneDrive\2_Uni\Doktor\python_projects\QuantumDNA\qDNA\data\raw\tb_params\Hawke2010_electron_ELM.json
2024-10-24 17:16:30,847 - qDNA.tools.save_load - INFO - Data loaded from C:\Users\Dennis Herb\OneDrive\2_Uni\Doktor\python_projects\QuantumDNA\qDNA\data\raw\tb_params\Hawke2010_hole_ELM.json
2024-10-24 17:16:30,863 - qDNA.tools.save_load - INFO - Data loaded from C:\Users\Dennis Herb\OneDrive\2_Uni\Doktor\python_projects\QuantumDNA\qDNA\data\raw\tb_params\Hawke2010_electron_ELM.json
2024-10-24 17:16:30,863 - qDNA.tools.save_load - INFO - Data loaded from C:\Users\Dennis Herb\OneDrive\2_Uni\Doktor\python_projects\QuantumDNA\qDNA\data\raw\tb_params\Hawke2010_hole_ELM.json
2024-10-24 17:16:30,865 - qDNA.tools.save_load - INFO - Data loaded from C:\Users\Dennis Herb\OneDrive\2_Uni\Doktor\python_projects\QuantumDNA\qDNA\data\raw\tb_params\Hawke2010_electron_ELM.json
2024-10-24 17:16:30,865 - qDNA.tools.save_load - INFO - Data loaded from C:\Users\Dennis Herb\OneDrive\2_Uni\Doktor\python_projects\QuantumDNA\qDNA\data\raw\tb_params\Hawke2010_hole_ELM.json
2024-10-24 17:16:31,353 - qDNA.tools.save_load - INFO - Data saved as C:\Users\Dennis Herb\OneDrive\2_Uni\Doktor\python_projects\QuantumDNA\qDNA\data\gui\exciton_transfer_delete.json
2024-10-24 17:18:46,390 - qDNA.tools.save_load - INFO - Data loaded from C:\Users\Dennis Herb\OneDrive\2_Uni\Doktor\python_projects\QuantumDNA\qDNA\data\raw\comp_time.json
2024-10-24 17:18:47,208 - qDNA.tools.save_load - INFO - Data loaded from C:\Users\Dennis Herb\OneDrive\2_Uni\Doktor\python_projects\QuantumDNA\qDNA\data\raw\tb_models.json
2024-10-24 17:18:47,209 - qDNA.tools.save_load - INFO - Data loaded from C:\Users\Dennis Herb\OneDrive\2_Uni\Doktor\python_projects\QuantumDNA\qDNA\data\raw\tb_models.json
2024-10-24 17:18:48,334 - qDNA.tools.save_load - INFO - Data loaded from C:\Users\Dennis Herb\OneDrive\2_Uni\Doktor\python_projects\QuantumDNA\qDNA\data\raw\tb_params\Hawke2010_electron_ELM.json
2024-10-24 17:18:48,334 - qDNA.tools.save_load - INFO - Data loaded from C:\Users\Dennis Herb\OneDrive\2_Uni\Doktor\python_projects\QuantumDNA\qDNA\data\raw\tb_params\Hawke2010_electron_ELM.json
2024-10-24 17:18:48,334 - qDNA.tools.save_load - INFO - Data loaded from C:\Users\Dennis Herb\OneDrive\2_Uni\Doktor\python_projects\QuantumDNA\qDNA\data\raw\tb_params\Hawke2010_hole_ELM.json
2024-10-24 17:18:48,334 - qDNA.tools.save_load - INFO - Data loaded from C:\Users\Dennis Herb\OneDrive\2_Uni\Doktor\python_projects\QuantumDNA\qDNA\data\raw\tb_params\Hawke2010_hole_ELM.json
2024-10-24 17:18:50,142 - qDNA.tools.save_load - INFO - Data saved as C:\Users\Dennis Herb\OneDrive\2_Uni\Doktor\python_projects\QuantumDNA\qDNA\data\gui\lifetime_delete.json
2024-10-24 17:18:50,143 - qDNA.tools.save_load - INFO - Data loaded from C:\Users\Dennis Herb\OneDrive\2_Uni\Doktor\python_projects\QuantumDNA\qDNA\data\gui\lifetime_delete.json
2024-10-24 17:18:50,352 - qDNA.tools.save_load - INFO - Data loaded from C:\Users\Dennis Herb\OneDrive\2_Uni\Doktor\python_projects\QuantumDNA\qDNA\data\raw\tb_models.json
2024-10-24 17:18:50,353 - qDNA.tools.save_load - INFO - Data loaded from C:\Users\Dennis Herb\OneDrive\2_Uni\Doktor\python_projects\QuantumDNA\qDNA\data\raw\tb_models.json
2024-10-24 17:18:51,508 - qDNA.tools.save_load - INFO - Data loaded from C:\Users\Dennis Herb\OneDrive\2_Uni\Doktor\python_projects\QuantumDNA\qDNA\data\raw\tb_params\Hawke2010_electron_ELM.json
2024-10-24 17:18:51,509 - qDNA.tools.save_load - INFO - Data loaded from C:\Users\Dennis Herb\OneDrive\2_Uni\Doktor\python_projects\QuantumDNA\qDNA\data\raw\tb_params\Hawke2010_hole_ELM.json
2024-10-24 17:18:51,510 - qDNA.tools.save_load - INFO - Data loaded from C:\Users\Dennis Herb\OneDrive\2_Uni\Doktor\python_projects\QuantumDNA\qDNA\data\raw\tb_params\Hawke2010_electron_ELM.json
2024-10-24 17:18:51,510 - qDNA.tools.save_load - INFO - Data loaded from C:\Users\Dennis Herb\OneDrive\2_Uni\Doktor\python_projects\QuantumDNA\qDNA\data\raw\tb_params\Hawke2010_hole_ELM.json
2024-10-24 17:18:51,524 - qDNA.tools.save_load - INFO - Data loaded from C:\Users\Dennis Herb\OneDrive\2_Uni\Doktor\python_projects\QuantumDNA\qDNA\data\raw\tb_params\Hawke2010_electron_ELM.json
2024-10-24 17:18:51,524 - qDNA.tools.save_load - INFO - Data loaded from C:\Users\Dennis Herb\OneDrive\2_Uni\Doktor\python_projects\QuantumDNA\qDNA\data\raw\tb_params\Hawke2010_hole_ELM.json
2024-10-24 17:18:51,525 - qDNA.tools.save_load - INFO - Data loaded from C:\Users\Dennis Herb\OneDrive\2_Uni\Doktor\python_projects\QuantumDNA\qDNA\data\raw\tb_params\Hawke2010_electron_ELM.json
2024-10-24 17:18:51,525 - qDNA.tools.save_load - INFO - Data loaded from C:\Users\Dennis Herb\OneDrive\2_Uni\Doktor\python_projects\QuantumDNA\qDNA\data\raw\tb_params\Hawke2010_hole_ELM.json
2024-10-24 17:18:52,042 - qDNA.tools.save_load - INFO - Data saved as C:\Users\Dennis Herb\OneDrive\2_Uni\Doktor\python_projects\QuantumDNA\qDNA\data\gui\dipole_delete.json
2024-10-24 17:18:52,044 - qDNA.tools.save_load - INFO - Data loaded from C:\Users\Dennis Herb\OneDrive\2_Uni\Doktor\python_projects\QuantumDNA\qDNA\data\gui\dipole_delete.json
2024-10-24 17:18:52,045 - qDNA.tools.save_load - WARNING - File C:\Users\Dennis Herb\OneDrive\2_Uni\Doktor\python_projects\QuantumDNA\qDNA\data\gui\dipole_delete.json already exists.
2024-10-24 17:18:52,047 - qDNA.tools.save_load - INFO - Data loaded from C:\Users\Dennis Herb\OneDrive\2_Uni\Doktor\python_projects\QuantumDNA\qDNA\data\gui\lifetime_delete.json
2024-10-24 17:18:52,231 - qDNA.tools.save_load - INFO - Data loaded from C:\Users\Dennis Herb\OneDrive\2_Uni\Doktor\python_projects\QuantumDNA\qDNA\data\raw\tb_models.json
2024-10-24 17:18:52,231 - qDNA.tools.save_load - INFO - Data loaded from C:\Users\Dennis Herb\OneDrive\2_Uni\Doktor\python_projects\QuantumDNA\qDNA\data\raw\tb_models.json
2024-10-24 17:18:53,365 - qDNA.tools.save_load - INFO - Data loaded from C:\Users\Dennis Herb\OneDrive\2_Uni\Doktor\python_projects\QuantumDNA\qDNA\data\raw\tb_params\Hawke2010_electron_ELM.json
2024-10-24 17:18:53,366 - qDNA.tools.save_load - INFO - Data loaded from C:\Users\Dennis Herb\OneDrive\2_Uni\Doktor\python_projects\QuantumDNA\qDNA\data\raw\tb_params\Hawke2010_hole_ELM.json
2024-10-24 17:18:53,367 - qDNA.tools.save_load - INFO - Data loaded from C:\Users\Dennis Herb\OneDrive\2_Uni\Doktor\python_projects\QuantumDNA\qDNA\data\raw\tb_params\Hawke2010_electron_ELM.json
2024-10-24 17:18:53,367 - qDNA.tools.save_load - INFO - Data loaded from C:\Users\Dennis Herb\OneDrive\2_Uni\Doktor\python_projects\QuantumDNA\qDNA\data\raw\tb_params\Hawke2010_hole_ELM.json
2024-10-24 17:18:53,381 - qDNA.tools.save_load - INFO - Data loaded from C:\Users\Dennis Herb\OneDrive\2_Uni\Doktor\python_projects\QuantumDNA\qDNA\data\raw\tb_params\Hawke2010_electron_ELM.json
2024-10-24 17:18:53,381 - qDNA.tools.save_load - INFO - Data loaded from C:\Users\Dennis Herb\OneDrive\2_Uni\Doktor\python_projects\QuantumDNA\qDNA\data\raw\tb_params\Hawke2010_hole_ELM.json
2024-10-24 17:18:53,383 - qDNA.tools.save_load - INFO - Data loaded from C:\Users\Dennis Herb\OneDrive\2_Uni\Doktor\python_projects\QuantumDNA\qDNA\data\raw\tb_params\Hawke2010_electron_ELM.json
2024-10-24 17:18:53,383 - qDNA.tools.save_load - INFO - Data loaded from C:\Users\Dennis Herb\OneDrive\2_Uni\Doktor\python_projects\QuantumDNA\qDNA\data\raw\tb_params\Hawke2010_hole_ELM.json
2024-10-24 17:18:53,869 - qDNA.tools.save_load - INFO - Data saved as C:\Users\Dennis Herb\OneDrive\2_Uni\Doktor\python_projects\QuantumDNA\qDNA\data\gui\exciton_transfer_delete.json
2024-10-24 17:21:40,084 - qDNA.tools.save_load - INFO - Data saved as C:\Users\Dennis Herb\OneDrive\2_Uni\Doktor\python_projects\QuantumDNA\qDNA\data\raw\tb_params\myyy_electron_WM.json
2024-10-24 17:40:08,074 - qDNA.tools.save_load - INFO - Data loaded from C:\Users\Dennis Herb\OneDrive\2_Uni\Doktor\python_projects\QuantumDNA\qDNA\data\raw\tb_models.json
2024-10-24 17:40:14,749 - qDNA.tools.save_load - INFO - Data loaded from C:\Users\Dennis Herb\OneDrive\2_Uni\Doktor\python_projects\QuantumDNA\qDNA\data\raw\tb_params\Hawke2010_electron_WM.json
2024-10-24 17:40:14,751 - qDNA.tools.save_load - INFO - Data loaded from C:\Users\Dennis Herb\OneDrive\2_Uni\Doktor\python_projects\QuantumDNA\qDNA\data\raw\tb_params\Hawke2010_hole_WM.json
2024-10-24 17:40:18,676 - qDNA.tools.save_load - INFO - Data loaded from C:\Users\Dennis Herb\OneDrive\2_Uni\Doktor\python_projects\QuantumDNA\qDNA\data\raw\tb_params\Hawke2010_electron_WM.json
2024-10-24 17:40:18,677 - qDNA.tools.save_load - INFO - Data loaded from C:\Users\Dennis Herb\OneDrive\2_Uni\Doktor\python_projects\QuantumDNA\qDNA\data\raw\tb_params\Hawke2010_hole_WM.json
2024-10-24 17:41:30,471 - qDNA.tools.save_load - INFO - Data loaded from C:\Users\Dennis Herb\OneDrive\2_Uni\Doktor\python_projects\QuantumDNA\qDNA\data\raw\tb_params\Hawke2010_electron_WM.json
2024-10-24 17:41:30,473 - qDNA.tools.save_load - INFO - Data loaded from C:\Users\Dennis Herb\OneDrive\2_Uni\Doktor\python_projects\QuantumDNA\qDNA\data\raw\tb_params\Hawke2010_hole_WM.json
2024-10-24 17:42:06,485 - qDNA.tools.save_load - INFO - Data loaded from C:\Users\Dennis Herb\OneDrive\2_Uni\Doktor\python_projects\QuantumDNA\qDNA\data\raw\tb_models.json
2024-10-24 17:42:13,984 - qDNA.tools.save_load - INFO - Data loaded from C:\Users\Dennis Herb\OneDrive\2_Uni\Doktor\python_projects\QuantumDNA\qDNA\data\raw\tb_params\Hawke2010_electron_WM.json
2024-10-24 17:42:13,987 - qDNA.tools.save_load - INFO - Data loaded from C:\Users\Dennis Herb\OneDrive\2_Uni\Doktor\python_projects\QuantumDNA\qDNA\data\raw\tb_params\Hawke2010_hole_WM.json
