2024-07-29 15:03:15,952 - qDNA.tools.save_load - INFO - Data loaded from c:\Users\Dennis Herb\OneDrive\2_Uni\Doktor\python_projects\QuantumDNA\qDNA\data\raw\tb_params\Hawke2010_electron_WM.json
2024-07-29 15:03:15,952 - qDNA.tools.save_load - INFO - Data loaded from c:\Users\Dennis Herb\OneDrive\2_Uni\Doktor\python_projects\QuantumDNA\qDNA\data\raw\tb_params\Hawke2010_hole_WM.json
2024-07-29 15:04:01,268 - qDNA.tools.save_load - INFO - Data loaded from c:\Users\Dennis Herb\OneDrive\2_Uni\Doktor\python_projects\QuantumDNA\docs\data\dipole_7bp_J0.json
2024-07-29 15:04:01,285 - qDNA.tools.save_load - INFO - Data loaded from c:\Users\Dennis Herb\OneDrive\2_Uni\Doktor\python_projects\QuantumDNA\docs\data\lifetime_7bp_J0.json
2024-07-29 15:04:01,551 - qDNA.tools.save_load - INFO - Data loaded from c:\Users\Dennis Herb\OneDrive\2_Uni\Doktor\python_projects\QuantumDNA\docs\data\lifetime_7bp_J0.json
2024-07-29 15:04:33,118 - qDNA.tools.save_load - INFO - Data loaded from c:\Users\Dennis Herb\OneDrive\2_Uni\Doktor\python_projects\QuantumDNA\docs\data\dipole_7bp_J0.json
2024-07-29 15:04:33,118 - qDNA.tools.save_load - INFO - Data loaded from c:\Users\Dennis Herb\OneDrive\2_Uni\Doktor\python_projects\QuantumDNA\docs\data\lifetime_7bp_J0.json
2024-07-29 15:04:33,385 - qDNA.tools.save_load - INFO - Data loaded from c:\Users\Dennis Herb\OneDrive\2_Uni\Doktor\python_projects\QuantumDNA\docs\data\lifetime_7bp_J0.json
2024-07-29 15:04:33,518 - qDNA.tools.save_load - INFO - Data loaded from c:\Users\Dennis Herb\OneDrive\2_Uni\Doktor\python_projects\QuantumDNA\docs\data\dipole_7bp_J0.json
2024-07-29 16:09:59,793 - qDNA.tools.save_load - INFO - Data loaded from c:\Users\Dennis Herb\OneDrive\2_Uni\Doktor\python_projects\QuantumDNA\qDNA\data\processed\doc_paper\dipole_7bp_J0.json
2024-07-29 16:09:59,802 - qDNA.tools.save_load - INFO - Data loaded from c:\Users\Dennis Herb\OneDrive\2_Uni\Doktor\python_projects\QuantumDNA\qDNA\data\processed\doc_paper\lifetime_7bp_J0.json
2024-07-29 16:10:06,166 - qDNA.tools.save_load - INFO - Data loaded from c:\Users\Dennis Herb\OneDrive\2_Uni\Doktor\python_projects\QuantumDNA\qDNA\data\processed\doc_paper\lifetime_7bp_J0.json
2024-07-29 16:10:10,407 - qDNA.tools.save_load - INFO - Data loaded from c:\Users\Dennis Herb\OneDrive\2_Uni\Doktor\python_projects\QuantumDNA\qDNA\data\processed\doc_paper\dipole_7bp_J0.json
2024-07-29 16:10:10,609 - qDNA.tools.save_load - INFO - Data loaded from c:\Users\Dennis Herb\OneDrive\2_Uni\Doktor\python_projects\QuantumDNA\qDNA\data\processed\doc_paper\lifetime_7bp_J0.json
2024-07-29 16:10:10,869 - qDNA.tools.save_load - INFO - Data loaded from c:\Users\Dennis Herb\OneDrive\2_Uni\Doktor\python_projects\QuantumDNA\qDNA\data\raw\tb_params\Simserides2014_electron_WM.json
2024-07-29 16:10:10,869 - qDNA.tools.save_load - INFO - Data loaded from c:\Users\Dennis Herb\OneDrive\2_Uni\Doktor\python_projects\QuantumDNA\qDNA\data\raw\tb_params\Simserides2014_hole_WM.json
2024-07-29 16:10:11,545 - qDNA.tools.save_load - INFO - Data loaded from c:\Users\Dennis Herb\OneDrive\2_Uni\Doktor\python_projects\QuantumDNA\qDNA\data\raw\tb_params\Simserides2014_electron_WM.json
2024-07-29 16:10:11,545 - qDNA.tools.save_load - INFO - Data loaded from c:\Users\Dennis Herb\OneDrive\2_Uni\Doktor\python_projects\QuantumDNA\qDNA\data\raw\tb_params\Simserides2014_hole_WM.json
2024-07-29 16:10:12,054 - qDNA.tools.save_load - INFO - Data loaded from c:\Users\Dennis Herb\OneDrive\2_Uni\Doktor\python_projects\QuantumDNA\qDNA\data\processed\doc_paper\lifetime_7bp_J0.json
2024-07-29 16:10:12,070 - qDNA.tools.save_load - INFO - Data loaded from c:\Users\Dennis Herb\OneDrive\2_Uni\Doktor\python_projects\QuantumDNA\qDNA\data\processed\doc_paper\lifetime_7bp_J0.5.json
2024-07-29 16:10:12,102 - qDNA.tools.save_load - INFO - Data loaded from c:\Users\Dennis Herb\OneDrive\2_Uni\Doktor\python_projects\QuantumDNA\qDNA\data\processed\doc_paper\lifetime_7bp_J1.json
2024-07-29 16:10:12,396 - qDNA.tools.save_load - INFO - Data loaded from c:\Users\Dennis Herb\OneDrive\2_Uni\Doktor\python_projects\QuantumDNA\qDNA\data\processed\doc_paper\lifetime_7bp_J0.json
2024-07-29 16:10:12,404 - qDNA.tools.save_load - INFO - Data loaded from c:\Users\Dennis Herb\OneDrive\2_Uni\Doktor\python_projects\QuantumDNA\qDNA\data\processed\doc_paper\lifetime_7bp_J0.json
2024-07-29 16:10:12,404 - qDNA.tools.save_load - INFO - Data loaded from c:\Users\Dennis Herb\OneDrive\2_Uni\Doktor\python_projects\QuantumDNA\qDNA\data\processed\doc_paper\lifetime_7bp_J0.5.json
2024-07-29 16:10:13,526 - qDNA.tools.save_load - INFO - Data loaded from c:\Users\Dennis Herb\OneDrive\2_Uni\Doktor\python_projects\QuantumDNA\qDNA\data\processed\doc_paper\lifetime_7bp_J0.json
2024-07-29 16:10:13,538 - qDNA.tools.save_load - INFO - Data loaded from c:\Users\Dennis Herb\OneDrive\2_Uni\Doktor\python_projects\QuantumDNA\qDNA\data\processed\doc_paper\lifetime_7bp_J0.json
2024-07-29 16:10:13,539 - qDNA.tools.save_load - INFO - Data loaded from c:\Users\Dennis Herb\OneDrive\2_Uni\Doktor\python_projects\QuantumDNA\qDNA\data\processed\doc_paper\lifetime_7bp_J1.json
2024-07-29 16:10:14,654 - qDNA.tools.save_load - INFO - Data loaded from c:\Users\Dennis Herb\OneDrive\2_Uni\Doktor\python_projects\QuantumDNA\qDNA\data\processed\doc_paper\lifetime_7bp_J0.json
2024-07-29 16:10:14,660 - qDNA.tools.save_load - INFO - Data loaded from c:\Users\Dennis Herb\OneDrive\2_Uni\Doktor\python_projects\QuantumDNA\qDNA\data\processed\doc_paper\lifetime_7bp_J0.5.json
2024-07-29 16:10:15,770 - qDNA.tools.save_load - INFO - Data loaded from c:\Users\Dennis Herb\OneDrive\2_Uni\Doktor\python_projects\QuantumDNA\qDNA\data\processed\doc_paper\lifetime_7bp_J0.json
2024-07-29 16:10:15,787 - qDNA.tools.save_load - INFO - Data loaded from c:\Users\Dennis Herb\OneDrive\2_Uni\Doktor\python_projects\QuantumDNA\qDNA\data\processed\doc_paper\lifetime_7bp_J1.json
2024-07-29 16:10:17,026 - qDNA.tools.save_load - INFO - Data loaded from c:\Users\Dennis Herb\OneDrive\2_Uni\Doktor\python_projects\QuantumDNA\qDNA\data\processed\doc_paper\lifetime_7bp_J0.5.json
2024-07-29 16:10:17,208 - qDNA.tools.save_load - INFO - Data loaded from c:\Users\Dennis Herb\OneDrive\2_Uni\Doktor\python_projects\QuantumDNA\qDNA\data\processed\doc_paper\lifetime_7bp_J1.json
2024-07-29 16:10:17,422 - qDNA.tools.save_load - INFO - Data loaded from c:\Users\Dennis Herb\OneDrive\2_Uni\Doktor\python_projects\QuantumDNA\qDNA\data\processed\doc_paper\dipole_7bp_J0.json
2024-07-29 16:10:17,424 - qDNA.tools.save_load - INFO - Data loaded from c:\Users\Dennis Herb\OneDrive\2_Uni\Doktor\python_projects\QuantumDNA\qDNA\data\processed\doc_paper\lifetime_7bp_J0.json
2024-07-29 16:10:17,454 - qDNA.tools.save_load - INFO - Data loaded from c:\Users\Dennis Herb\OneDrive\2_Uni\Doktor\python_projects\QuantumDNA\qDNA\data\processed\doc_paper\dipole_7bp_J0.5.json
2024-07-29 16:10:17,471 - qDNA.tools.save_load - INFO - Data loaded from c:\Users\Dennis Herb\OneDrive\2_Uni\Doktor\python_projects\QuantumDNA\qDNA\data\processed\doc_paper\lifetime_7bp_J0.5.json
2024-07-29 16:10:17,570 - qDNA.tools.save_load - INFO - Data loaded from c:\Users\Dennis Herb\OneDrive\2_Uni\Doktor\python_projects\QuantumDNA\qDNA\data\processed\doc_paper\dipole_7bp_J1.json
2024-07-29 16:10:17,586 - qDNA.tools.save_load - INFO - Data loaded from c:\Users\Dennis Herb\OneDrive\2_Uni\Doktor\python_projects\QuantumDNA\qDNA\data\processed\doc_paper\lifetime_7bp_J1.json
2024-07-29 16:10:18,152 - qDNA.tools.save_load - INFO - Data loaded from c:\Users\Dennis Herb\OneDrive\2_Uni\Doktor\python_projects\QuantumDNA\qDNA\data\processed\doc_paper\dipole_7bp_J0.json
2024-07-29 16:10:18,152 - qDNA.tools.save_load - INFO - Data loaded from c:\Users\Dennis Herb\OneDrive\2_Uni\Doktor\python_projects\QuantumDNA\qDNA\data\processed\doc_paper\lifetime_7bp_J0.json
2024-07-29 16:10:18,168 - qDNA.tools.save_load - INFO - Data loaded from c:\Users\Dennis Herb\OneDrive\2_Uni\Doktor\python_projects\QuantumDNA\qDNA\data\processed\doc_paper\dipole_7bp_J0.5.json
2024-07-29 16:10:18,170 - qDNA.tools.save_load - INFO - Data loaded from c:\Users\Dennis Herb\OneDrive\2_Uni\Doktor\python_projects\QuantumDNA\qDNA\data\processed\doc_paper\lifetime_7bp_J0.5.json
2024-07-29 16:10:18,170 - qDNA.tools.save_load - INFO - Data loaded from c:\Users\Dennis Herb\OneDrive\2_Uni\Doktor\python_projects\QuantumDNA\qDNA\data\processed\doc_paper\dipole_7bp_J1.json
2024-07-29 16:10:18,189 - qDNA.tools.save_load - INFO - Data loaded from c:\Users\Dennis Herb\OneDrive\2_Uni\Doktor\python_projects\QuantumDNA\qDNA\data\processed\doc_paper\lifetime_7bp_J1.json
2024-07-29 16:10:18,303 - qDNA.tools.save_load - INFO - Data loaded from c:\Users\Dennis Herb\OneDrive\2_Uni\Doktor\python_projects\QuantumDNA\qDNA\data\raw\tb_params\Simserides2014_electron_WM.json
2024-07-29 16:10:18,303 - qDNA.tools.save_load - INFO - Data loaded from c:\Users\Dennis Herb\OneDrive\2_Uni\Doktor\python_projects\QuantumDNA\qDNA\data\raw\tb_params\Simserides2014_hole_WM.json
2024-07-29 16:10:18,793 - qDNA.tools.save_load - INFO - Data loaded from c:\Users\Dennis Herb\OneDrive\2_Uni\Doktor\python_projects\QuantumDNA\qDNA\data\raw\tb_params\Simserides2014_electron_WM.json
2024-07-29 16:10:18,793 - qDNA.tools.save_load - INFO - Data loaded from c:\Users\Dennis Herb\OneDrive\2_Uni\Doktor\python_projects\QuantumDNA\qDNA\data\raw\tb_params\Simserides2014_hole_WM.json
2024-07-29 16:10:19,476 - qDNA.tools.save_load - INFO - Data loaded from c:\Users\Dennis Herb\OneDrive\2_Uni\Doktor\python_projects\QuantumDNA\qDNA\data\processed\doc_paper\dipole_7bp_J0.json
2024-07-29 16:10:19,490 - qDNA.tools.save_load - INFO - Data loaded from c:\Users\Dennis Herb\OneDrive\2_Uni\Doktor\python_projects\QuantumDNA\qDNA\data\processed\doc_paper\dipole_7bp_J0.json
2024-07-29 16:10:19,490 - qDNA.tools.save_load - INFO - Data loaded from c:\Users\Dennis Herb\OneDrive\2_Uni\Doktor\python_projects\QuantumDNA\qDNA\data\processed\doc_paper\dipole_7bp_J0.5.json
2024-07-29 16:10:20,789 - qDNA.tools.save_load - INFO - Data loaded from c:\Users\Dennis Herb\OneDrive\2_Uni\Doktor\python_projects\QuantumDNA\qDNA\data\processed\doc_paper\dipole_7bp_J0.json
2024-07-29 16:10:20,804 - qDNA.tools.save_load - INFO - Data loaded from c:\Users\Dennis Herb\OneDrive\2_Uni\Doktor\python_projects\QuantumDNA\qDNA\data\processed\doc_paper\dipole_7bp_J0.json
2024-07-29 16:10:20,804 - qDNA.tools.save_load - INFO - Data loaded from c:\Users\Dennis Herb\OneDrive\2_Uni\Doktor\python_projects\QuantumDNA\qDNA\data\processed\doc_paper\dipole_7bp_J1.json
2024-07-29 16:10:22,131 - qDNA.tools.save_load - INFO - Data loaded from c:\Users\Dennis Herb\OneDrive\2_Uni\Doktor\python_projects\QuantumDNA\qDNA\data\processed\doc_paper\dipole_7bp_J0.json
2024-07-29 16:10:22,147 - qDNA.tools.save_load - INFO - Data loaded from c:\Users\Dennis Herb\OneDrive\2_Uni\Doktor\python_projects\QuantumDNA\qDNA\data\processed\doc_paper\dipole_7bp_J0.5.json
2024-07-29 16:10:23,406 - qDNA.tools.save_load - INFO - Data loaded from c:\Users\Dennis Herb\OneDrive\2_Uni\Doktor\python_projects\QuantumDNA\qDNA\data\processed\doc_paper\dipole_7bp_J0.json
2024-07-29 16:10:23,406 - qDNA.tools.save_load - INFO - Data loaded from c:\Users\Dennis Herb\OneDrive\2_Uni\Doktor\python_projects\QuantumDNA\qDNA\data\processed\doc_paper\dipole_7bp_J1.json
2024-07-29 16:10:24,852 - qDNA.tools.save_load - INFO - Data loaded from c:\Users\Dennis Herb\OneDrive\2_Uni\Doktor\python_projects\QuantumDNA\qDNA\data\processed\doc_paper\lifetime_7bp_relax0.02.json
2024-07-29 16:10:24,855 - qDNA.tools.save_load - INFO - Data loaded from c:\Users\Dennis Herb\OneDrive\2_Uni\Doktor\python_projects\QuantumDNA\qDNA\data\processed\doc_paper\lifetime_7bp_relax0.01.json
2024-07-29 16:10:24,855 - qDNA.tools.save_load - INFO - Data loaded from c:\Users\Dennis Herb\OneDrive\2_Uni\Doktor\python_projects\QuantumDNA\qDNA\data\processed\doc_paper\lifetime_7bp_relax0.02.json
2024-07-29 16:10:24,855 - qDNA.tools.save_load - INFO - Data loaded from c:\Users\Dennis Herb\OneDrive\2_Uni\Doktor\python_projects\QuantumDNA\qDNA\data\processed\doc_paper\lifetime_7bp_relax0.02.json
2024-07-29 16:10:24,855 - qDNA.tools.save_load - INFO - Data loaded from c:\Users\Dennis Herb\OneDrive\2_Uni\Doktor\python_projects\QuantumDNA\qDNA\data\processed\doc_paper\lifetime_7bp_relax0.05.json
2024-07-29 16:10:24,869 - qDNA.tools.save_load - INFO - Data loaded from c:\Users\Dennis Herb\OneDrive\2_Uni\Doktor\python_projects\QuantumDNA\qDNA\data\processed\doc_paper\lifetime_7bp_relax0.02.json
2024-07-29 16:10:24,869 - qDNA.tools.save_load - INFO - Data loaded from c:\Users\Dennis Herb\OneDrive\2_Uni\Doktor\python_projects\QuantumDNA\qDNA\data\processed\doc_paper\lifetime_7bp_relax0.02.json
2024-07-29 16:10:24,869 - qDNA.tools.save_load - INFO - Data loaded from c:\Users\Dennis Herb\OneDrive\2_Uni\Doktor\python_projects\QuantumDNA\qDNA\data\processed\doc_paper\lifetime_7bp_relax0.01.json
2024-07-29 16:10:24,870 - qDNA.tools.save_load - INFO - Data loaded from c:\Users\Dennis Herb\OneDrive\2_Uni\Doktor\python_projects\QuantumDNA\qDNA\data\processed\doc_paper\lifetime_7bp_relax0.02.json
2024-07-29 16:10:24,870 - qDNA.tools.save_load - INFO - Data loaded from c:\Users\Dennis Herb\OneDrive\2_Uni\Doktor\python_projects\QuantumDNA\qDNA\data\processed\doc_paper\lifetime_7bp_relax0.02.json
2024-07-29 16:10:24,870 - qDNA.tools.save_load - INFO - Data loaded from c:\Users\Dennis Herb\OneDrive\2_Uni\Doktor\python_projects\QuantumDNA\qDNA\data\processed\doc_paper\lifetime_7bp_relax0.05.json
2024-07-29 16:15:49,880 - qDNA.tools.save_load - INFO - Data loaded from c:\Users\Dennis Herb\OneDrive\2_Uni\Doktor\python_projects\QuantumDNA\qDNA\data\raw\tb_params\Hawke2010_electron_ELM.json
2024-07-29 16:15:49,885 - qDNA.tools.save_load - INFO - Data loaded from c:\Users\Dennis Herb\OneDrive\2_Uni\Doktor\python_projects\QuantumDNA\qDNA\data\raw\tb_params\Hawke2010_hole_ELM.json
2024-07-29 16:16:17,255 - qDNA.tools.save_load - INFO - Data loaded from c:\Users\Dennis Herb\OneDrive\2_Uni\Doktor\python_projects\QuantumDNA\qDNA\data\raw\tb_params\Hawke2010_electron_ELM.json
2024-07-29 16:16:17,255 - qDNA.tools.save_load - INFO - Data loaded from c:\Users\Dennis Herb\OneDrive\2_Uni\Doktor\python_projects\QuantumDNA\qDNA\data\raw\tb_params\Hawke2010_hole_ELM.json
2024-07-29 16:16:17,639 - qDNA.tools.save_load - INFO - Data loaded from c:\Users\Dennis Herb\OneDrive\2_Uni\Doktor\python_projects\QuantumDNA\qDNA\data\raw\tb_params\Hawke2010_electron_ELM.json
2024-07-29 16:16:17,640 - qDNA.tools.save_load - INFO - Data loaded from c:\Users\Dennis Herb\OneDrive\2_Uni\Doktor\python_projects\QuantumDNA\qDNA\data\raw\tb_params\Hawke2010_hole_ELM.json
